<?xml version="1.0" encoding="UTF-8"?>
<testng-results skipped="0" failed="0" ignored="0" total="1" passed="1">
  <reporter-output>
  </reporter-output>
  <suite name="Default suite" duration-ms="2978" started-at="2022-02-03T15:22:16Z" finished-at="2022-02-03T15:22:19Z">
    <groups>
    </groups>
    <test name="Default test" duration-ms="2978" started-at="2022-02-03T15:22:16Z" finished-at="2022-02-03T15:22:19Z">
      <class name="services.GetAllIssue">
        <test-method status="PASS" signature="prerun()[pri:0, instance:services.GetAllIssue@6642a5]" name="prerun" is-config="true" duration-ms="1171" started-at="2022-02-03T15:22:15Z" finished-at="2022-02-03T15:22:16Z">
          <reporter-output>
          </reporter-output>
        </test-method> <!-- prerun -->
        <test-method status="PASS" signature="getAllIssue()[pri:0, instance:services.GetAllIssue@6642a5]" name="getAllIssue" duration-ms="2738" started-at="2022-02-03T15:22:16Z" finished-at="2022-02-03T15:22:19Z">
          <reporter-output>
          </reporter-output>
        </test-method> <!-- getAllIssue -->
        <test-method status="PASS" signature="afterRun()[pri:0, instance:services.GetAllIssue@6642a5]" name="afterRun" is-config="true" duration-ms="98" started-at="2022-02-03T15:22:19Z" finished-at="2022-02-03T15:22:19Z">
          <reporter-output>
          </reporter-output>
        </test-method> <!-- afterRun -->
        <test-method status="PASS" signature="afterSuiteRun()[pri:0, instance:services.GetAllIssue@6642a5]" name="afterSuiteRun" is-config="true" duration-ms="1" started-at="2022-02-03T15:22:19Z" finished-at="2022-02-03T15:22:19Z">
          <reporter-output>
          </reporter-output>
        </test-method> <!-- afterSuiteRun -->
      </class> <!-- services.GetAllIssue -->
    </test> <!-- Default test -->
  </suite> <!-- Default suite -->
</testng-results>
